  GeomLib.cpp
C:\Work\GeomLib\GeomLib\source\TessModel.h(128,1): warning C4267: 'argument': conversion from 'size_t' to '_Ty', possible loss of data
          with
          [
              _Ty=int
          ]
C:\Work\GeomLib\GeomLib\source\TessModel.h(126): message : while compiling class template member function 'void geomlib::TessModel<double,0>::AddSurface(const std::vector<geomlib::Point<double,0>,std::allocator<geomlib::Point<double,0>>> &,const std::vector<geomlib::Triangle,std::allocator<geomlib::Triangle>> &)'
C:\Work\GeomLib\GeomLib\GeomLib.cpp(247): message : see reference to function template instantiation 'void geomlib::TessModel<double,0>::AddSurface(const std::vector<geomlib::Point<double,0>,std::allocator<geomlib::Point<double,0>>> &,const std::vector<geomlib::Triangle,std::allocator<geomlib::Triangle>> &)' being compiled
C:\Work\GeomLib\GeomLib\GeomLib.cpp(244): message : see reference to class template instantiation 'geomlib::TessModel<double,0>' being compiled
C:\Work\GeomLib\GeomLib\source\TessModel.h(52,29): warning C4838: conversion from 'T' to 'int' requires a narrowing conversion
          with
          [
              T=double
          ]
C:\Work\GeomLib\GeomLib\source\TessModel.h(48): message : while compiling class template member function 'void geomlib::TessModel<double,0>::MergePointsAndTriangles(const std::vector<geomlib::Point<double,0>,std::allocator<geomlib::Point<double,0>>> &,std::vector<geomlib::Triangle,std::allocator<geomlib::Triangle>>)'
C:\Work\GeomLib\GeomLib\source\TessModel.h(127): message : see reference to function template instantiation 'void geomlib::TessModel<double,0>::MergePointsAndTriangles(const std::vector<geomlib::Point<double,0>,std::allocator<geomlib::Point<double,0>>> &,std::vector<geomlib::Triangle,std::allocator<geomlib::Triangle>>)' being compiled
C:\Work\GeomLib\GeomLib\source\TessModel.h(52,29): warning C4244: 'initializing': conversion from 'T' to 'int', possible loss of data
          with
          [
              T=double
          ]
C:\Work\GeomLib\GeomLib\source\TessModel.h(52,58): warning C4838: conversion from 'T' to 'int' requires a narrowing conversion
          with
          [
              T=double
          ]
C:\Work\GeomLib\GeomLib\source\TessModel.h(52,58): warning C4244: 'initializing': conversion from 'T' to 'int', possible loss of data
          with
          [
              T=double
          ]
C:\Work\GeomLib\GeomLib\source\TessModel.h(52,87): warning C4838: conversion from 'T' to 'int' requires a narrowing conversion
          with
          [
              T=double
          ]
C:\Work\GeomLib\GeomLib\source\TessModel.h(52,87): warning C4244: 'initializing': conversion from 'T' to 'int', possible loss of data
          with
          [
              T=double
          ]
C:\Work\GeomLib\GeomLib\source\TessModel.h(54,1): warning C4267: '=': conversion from 'size_t' to '_Ty', possible loss of data
          with
          [
              _Ty=int
          ]
C:\Work\GeomLib\GeomLib\source\TessModel.h(55,1): warning C4267: '=': conversion from 'size_t' to 'int', possible loss of data
C:\Work\GeomLib\GeomLib\source\TessModel.h(69,79): warning C4838: conversion from 'unsigned __int64' to 'int' requires a narrowing conversion
C:\Work\GeomLib\GeomLib\source\TessModel.h(69,60): warning C4267: 'initializing': conversion from 'size_t' to 'int', possible loss of data
C:\Work\GeomLib\GeomLib\source\TessModel.h(102,11): warning C4244: 'initializing': conversion from 'double' to 'int', possible loss of data
C:\Work\GeomLib\GeomLib\source\TessModel.h(101): message : while compiling class template member function 'void geomlib::TessModel<double,0>::ReorderTriangle(geomlib::Triangle &)'
C:\Work\GeomLib\GeomLib\source\TessModel.h(68): message : see reference to function template instantiation 'void geomlib::TessModel<double,0>::ReorderTriangle(geomlib::Triangle &)' being compiled
  GeomLib.vcxproj -> C:\Work\GeomLib\x64\Debug\GeomLib.exe
